[2020-04-22 19:36:14,640 INFO root] Taurus CLI Tool v1.14.2
[2020-04-22 19:36:14,640 DEBUG root] Command-line options: {'log': 'C:\\Users\\Emil\\AppData\\Local\\Temp\\bzt_9wcr9mpf.log', 'option': None, 'quiet': None, 'verbose': None, 'no_system_configs': None, 'aliases': ['report']}
[2020-04-22 19:36:14,640 DEBUG root] Python: CPython 3.8.1
[2020-04-22 19:36:14,640 DEBUG root] OS: uname_result(system='Windows', node='DESKTOP-5AF49PN', release='10', version='10.0.18362', machine='AMD64', processor='Intel64 Family 6 Model 158 Stepping 10, GenuineIntel')
[2020-04-22 19:36:14,640 INFO root] Starting with configs: ['bzt-config.yml']
[2020-04-22 19:36:14,642 DEBUG root] Using personal config: C:\Users\Emil\.bzt-rc
[2020-04-22 19:36:14,642 INFO Engine] Configuring...
[2020-04-22 19:36:14,670 DEBUG Engine] Base configs list: ['c:\\users\\emil\\yandexdisk-emilnurg\\work\\falconhabr\\falconhabr_env\\lib\\site-packages\\bzt\\resources/10-base-config.yml']
[2020-04-22 19:36:14,670 DEBUG Engine.Configuration] Configs: ['c:\\users\\emil\\yandexdisk-emilnurg\\work\\falconhabr\\falconhabr_env\\lib\\site-packages\\bzt\\resources/10-base-config.yml']
[2020-04-22 19:36:14,670 DEBUG Engine.Configuration] Reading c:\users\emil\yandexdisk-emilnurg\work\falconhabr\falconhabr_env\lib\site-packages\bzt\resources/10-base-config.yml as YAML
[2020-04-22 19:36:14,684 DEBUG Engine] User configs list: ['C:\\Users\\Emil\\.bzt-rc', 'bzt-config.yml']
[2020-04-22 19:36:14,684 DEBUG Engine.Configuration] Configs: ['C:\\Users\\Emil\\.bzt-rc', 'bzt-config.yml']
[2020-04-22 19:36:14,685 DEBUG Engine.Configuration] Reading C:\Users\Emil\.bzt-rc as YAML
[2020-04-22 19:36:14,687 DEBUG Engine.Configuration] Reading bzt-config.yml as YAML
[2020-04-22 19:36:14,688 DEBUG Engine.Configuration] Configs: ['C:\\Users\\Emil\\.bzt-rc', 'bzt-config.yml']
[2020-04-22 19:36:14,688 DEBUG Engine.Configuration] Reading C:\Users\Emil\.bzt-rc as YAML
[2020-04-22 19:36:14,691 DEBUG Engine.Configuration] Reading bzt-config.yml as YAML
[2020-04-22 19:36:14,694 DEBUG Engine] Requesting updates info: https://gettaurus.org/updates/?version=1.14.2&installID=windows-b06ebf3024ae
[2020-04-22 19:36:14,694 INFO Engine] Artifacts dir: C:\Users\Emil\YandexDisk-emilnurg\Work\falconhabr\2020-04-22_19-36-14.694356
[2020-04-22 19:36:14,694 DEBUG HTTPClient] Making HTTP request GET https://gettaurus.org/updates/?version=1.14.2&installID=windows-b06ebf3024ae
[2020-04-22 19:36:14,695 DEBUG Engine] New artifact filename: C:\Users\Emil\YandexDisk-emilnurg\Work\falconhabr\2020-04-22_19-36-14.694356\effective
[2020-04-22 19:36:14,696 DEBUG Engine.Configuration] Dumping YAML config into C:\Users\Emil\YandexDisk-emilnurg\Work\falconhabr\2020-04-22_19-36-14.694356\effective.yml
[2020-04-22 19:36:14,706 DEBUG urllib3.connectionpool] Starting new HTTPS connection (1): gettaurus.org:443
[2020-04-22 19:36:14,707 DEBUG Engine.Configuration] Dumping JSON config into C:\Users\Emil\YandexDisk-emilnurg\Work\falconhabr\2020-04-22_19-36-14.694356\effective.json
[2020-04-22 19:36:14,708 DEBUG Engine] New artifact filename: C:\Users\Emil\YandexDisk-emilnurg\Work\falconhabr\2020-04-22_19-36-14.694356\merged.yml
[2020-04-22 19:36:14,709 DEBUG Engine.Configuration] Dumping YAML config into C:\Users\Emil\YandexDisk-emilnurg\Work\falconhabr\2020-04-22_19-36-14.694356\merged.yml
[2020-04-22 19:36:14,710 DEBUG Engine] New artifact filename: C:\Users\Emil\YandexDisk-emilnurg\Work\falconhabr\2020-04-22_19-36-14.694356\merged.json
[2020-04-22 19:36:14,711 DEBUG Engine.Configuration] Dumping JSON config into C:\Users\Emil\YandexDisk-emilnurg\Work\falconhabr\2020-04-22_19-36-14.694356\merged.json
[2020-04-22 19:36:14,711 DEBUG Engine] Add existing artifact (move=False): bzt-config.yml
[2020-04-22 19:36:14,711 DEBUG Engine] Copying bzt-config.yml to C:\Users\Emil\YandexDisk-emilnurg\Work\falconhabr\2020-04-22_19-36-14.694356\bzt-config.yml
[2020-04-22 19:36:14,713 DEBUG root] Closing log handler: C:\Users\Emil\AppData\Local\Temp\bzt_9wcr9mpf.log
[2020-04-22 19:36:14,716 DEBUG root] Switched writing logs to C:\Users\Emil\YandexDisk-emilnurg\Work\falconhabr\2020-04-22_19-36-14.694356\bzt.log
[2020-04-22 19:36:14,716 DEBUG root] Linting config
[2020-04-22 19:36:14,717 WARNING root] at path 'execution': 'execution' should be a list
[2020-04-22 19:36:14,717 INFO Engine] Preparing...
[2020-04-22 19:36:14,718 DEBUG Engine] Module config: consolidator {'class': 'bzt.modules.aggregator.ConsolidatingAggregator'}
[2020-04-22 19:36:14,718 DEBUG root] Importing module: bzt.modules.aggregator
[2020-04-22 19:36:14,799 DEBUG root] Loading class: 'ConsolidatingAggregator' from <module 'bzt.modules.aggregator' from 'c:\\users\\emil\\yandexdisk-emilnurg\\work\\falconhabr\\falconhabr_env\\lib\\site-packages\\bzt\\modules\\aggregator.py'>
[2020-04-22 19:36:14,800 DEBUG Engine.consolidator] Buffer scaling setup: percentile 95.0 from [0.0, 50.0, 90.0, 95.0, 99.0, 99.9, 100.0] selected
[2020-04-22 19:36:14,800 DEBUG Engine] Module config: monitoring {'class': 'bzt.modules.monitoring.Monitoring'}
[2020-04-22 19:36:14,800 DEBUG root] Importing module: bzt.modules.monitoring
[2020-04-22 19:36:14,801 DEBUG root] Loading class: 'Monitoring' from <module 'bzt.modules.monitoring' from 'c:\\users\\emil\\yandexdisk-emilnurg\\work\\falconhabr\\falconhabr_env\\lib\\site-packages\\bzt\\modules\\monitoring.py'>
[2020-04-22 19:36:14,801 DEBUG Engine] Module config: local {'class': 'bzt.modules.provisioning.Local'}
[2020-04-22 19:36:14,801 DEBUG root] Importing module: bzt.modules.provisioning
[2020-04-22 19:36:14,801 DEBUG root] Loading class: 'Local' from <module 'bzt.modules.provisioning' from 'c:\\users\\emil\\yandexdisk-emilnurg\\work\\falconhabr\\falconhabr_env\\lib\\site-packages\\bzt\\modules\\provisioning.py'>
[2020-04-22 19:36:14,801 DEBUG Engine] Module config: jmeter {'class': 'bzt.modules.jmeter.JMeterExecutor', 'protocol-handlers': {'http': 'bzt.jmx.http.HTTPProtocolHandler'}, 'plugins': ['jpgc-casutg', 'jpgc-dummy', 'jpgc-ffw', 'jpgc-fifo', 'jpgc-functions', 'jpgc-json', 'jpgc-perfmon', 'jpgc-prmctl', 'jpgc-tst'], 'properties': {'jmeter.save.saveservice.autoflush': 'true', 'jmeter.save.saveservice.connect_time': 'true', 'jmeterengine.force.system.exit': 'true', 'summariser.name': ''}}
[2020-04-22 19:36:14,801 DEBUG root] Importing module: bzt.modules.jmeter
[2020-04-22 19:36:14,808 DEBUG root] Loading class: 'JMeterExecutor' from <module 'bzt.modules.jmeter' from 'c:\\users\\emil\\yandexdisk-emilnurg\\work\\falconhabr\\falconhabr_env\\lib\\site-packages\\bzt\\modules\\jmeter.py'>
[2020-04-22 19:36:14,808 DEBUG Engine.local] Preparing executor: jmeter/1347512524560
[2020-04-22 19:36:14,808 DEBUG Engine] New artifact filename: C:\Users\Emil\YandexDisk-emilnurg\Work\falconhabr\2020-04-22_19-36-14.694356\jmeter.log
[2020-04-22 19:36:14,808 DEBUG Engine.jmeter] Checking if port 4445 is free
[2020-04-22 19:36:14,829 DEBUG Engine.jmeter] Port 4445 is free
[2020-04-22 19:36:14,829 DEBUG Engine.jmeter] Using port 4445 for management
[2020-04-22 19:36:14,829 DEBUG Engine.jmeter] Extract {'requests': [{'url': 'http://ip-addr:8000/users/', 'method': 'GET', 'label': 'api', 'timeout': '3s'}]} into scenarios
[2020-04-22 19:36:14,829 DEBUG Engine] New artifact filename: C:\Users\Emil\YandexDisk-emilnurg\Work\falconhabr\2020-04-22_19-36-14.694356\requests.jmx
[2020-04-22 19:36:14,829 DEBUG root] Importing module: bzt.jmx.http
[2020-04-22 19:36:14,830 DEBUG root] Loading class: 'HTTPProtocolHandler' from <module 'bzt.jmx.http' from 'c:\\users\\emil\\yandexdisk-emilnurg\\work\\falconhabr\\falconhabr_env\\lib\\site-packages\\bzt\\jmx\\http.py'>
[2020-04-22 19:36:14,830 DEBUG JMeterScenarioBuilder] Saving JMX to: C:\Users\Emil\YandexDisk-emilnurg\Work\falconhabr\2020-04-22_19-36-14.694356\requests.jmx
[2020-04-22 19:36:14,831 DEBUG Engine.jmeter] Additional system properties {'sun.net.inetaddr.ttl': 0}
[2020-04-22 19:36:14,831 DEBUG Engine] New artifact filename: C:\Users\Emil\YandexDisk-emilnurg\Work\falconhabr\2020-04-22_19-36-14.694356\system.properties
[2020-04-22 19:36:14,832 DEBUG Engine.jmeter] Additional properties: {'jmeter.save.saveservice.autoflush': 'true', 'jmeter.save.saveservice.connect_time': 'true', 'jmeterengine.force.system.exit': 'true', 'summariser.name': '', 'jmeterengine.nongui.port': 4445, 'jmeterengine.nongui.maxport': 4445, 'jmeter.save.saveservice.timestamp_format': 'ms', 'sampleresult.default.encoding': 'UTF-8', 'user.classpath': 'C:/Users/Emil/YandexDisk-emilnurg/Work/falconhabr/2020-04-22_19-36-14.694356;C:/Users/Emil/YandexDisk-emilnurg/Work/falconhabr/2020-04-22_19-36-14.694356'}
[2020-04-22 19:36:14,832 DEBUG Engine] New artifact filename: C:\Users\Emil\YandexDisk-emilnurg\Work\falconhabr\2020-04-22_19-36-14.694356\jmeter-bzt.properties
[2020-04-22 19:36:14,833 DEBUG Engine.jmeter.JavaVM] Trying JavaVM: ['java', '-version']
[2020-04-22 19:36:14,833 DEBUG root] Executing shell: ['java', '-version'] at .
[2020-04-22 19:36:14,835 DEBUG Engine.jmeter.JavaVM] Failed to check JavaVM: [WinError 2] Не удается найти указанный файл
[2020-04-22 19:36:14,835 WARNING Engine.jmeter.JavaVM] JavaVM isn't found, automatic installation isn't implemented
[2020-04-22 19:36:14,835 DEBUG Engine.jmeter.TclLibrary] Checking if TCL_LIBRARY variable is present in environment
[2020-04-22 19:36:14,835 DEBUG Engine.jmeter.TclLibrary] TCL_LIBRARY environment variable is not present
[2020-04-22 19:36:14,836 DEBUG Engine.jmeter.TclLibrary] Tcl directory was found: C:\Users\Emil\AppData\Local\Programs\Python\Python38\tcl\tcl8.6
[2020-04-22 19:36:14,836 DEBUG Engine.jmeter.TclLibrary] Setting environment TCL_LIBRARY=C:\Users\Emil\AppData\Local\Programs\Python\Python38\tcl\tcl8.6
[2020-04-22 19:36:14,836 DEBUG Engine.jmeter.TclLibrary] Checking if TCL_LIBRARY variable is present in environment
[2020-04-22 19:36:14,836 DEBUG Engine.jmeter.TclLibrary] TCL_LIBRARY environment variable is present
[2020-04-22 19:36:14,837 DEBUG Engine.jmeter.JMeter] Trying JMeter..
[2020-04-22 19:36:14,837 DEBUG root] Executing shell: ['C:\\Users\\Emil\\.bzt\\jmeter-taurus\\5.2.1\\bin\\jmeter.bat', '-j', 'C:\\Users\\Emil\\AppData\\Local\\Temp\\jmeterokb5ap6plog', '--version'] at .
[2020-04-22 19:36:14,880 DEBUG Engine.jmeter.JMeter] JMeter check: Not able to find Java executable or version. Please check your Java installation.
errorlevel=2
 த    . . . 
 / 
[2020-04-22 19:36:14,881 DEBUG Engine] New artifact filename: C:\Users\Emil\YandexDisk-emilnurg\Work\falconhabr\2020-04-22_19-36-14.694356\kpi.jtl
[2020-04-22 19:36:14,881 DEBUG Engine] New artifact filename: C:\Users\Emil\YandexDisk-emilnurg\Work\falconhabr\2020-04-22_19-36-14.694356\error.jtl
[2020-04-22 19:36:14,882 DEBUG Engine.jmeter.LoadSettingsProcessor] Load: LoadSpec(concurrency=100, throughput=None, ramp_up=60.0, hold=150.0, iterations=0, duration=210.0, steps=None)
[2020-04-22 19:36:14,882 WARNING Engine.jmeter.LoadSettingsProcessor] Thread group detection: plugin for ConcurrentThreadGroup not found, regular ThreadGroup will be used
[2020-04-22 19:36:14,883 DEBUG Engine.jmeter.LoadSettingsProcessor.ThreadGroupHandler] Converting ThreadGroup (autogenerated_63a1e07343) to ThreadGroup and apply load parameters
[2020-04-22 19:36:14,883 DEBUG Engine] New artifact filename: C:\Users\Emil\YandexDisk-emilnurg\Work\falconhabr\2020-04-22_19-36-14.694356\modified_requests.jmx
[2020-04-22 19:36:14,883 DEBUG JMX] Saving JMX to: C:\Users\Emil\YandexDisk-emilnurg\Work\falconhabr\2020-04-22_19-36-14.694356\modified_requests.jmx
[2020-04-22 19:36:14,884 DEBUG root] Executing shell: ['C:\\Users\\Emil\\.bzt\\jmeter-taurus\\5.2.1\\bin\\PluginsManagerCMD.bat', 'install-for-jmx', 'C:\\Users\\Emil\\YandexDisk-emilnurg\\Work\\falconhabr\\2020-04-22_19-36-14.694356\\modified_requests.jmx'] at .
[2020-04-22 19:36:14,885 WARNING Engine.jmeter.JMeter] Failed to detect plugins for C:\Users\Emil\YandexDisk-emilnurg\Work\falconhabr\2020-04-22_19-36-14.694356\modified_requests.jmx: [WinError 2] Не удается найти указанный файл
[2020-04-22 19:36:14,885 DEBUG Engine] New artifact filename: C:\Users\Emil\YandexDisk-emilnurg\Work\falconhabr\2020-04-22_19-36-14.694356\jmeter.out
[2020-04-22 19:36:14,885 DEBUG Engine] New artifact filename: C:\Users\Emil\YandexDisk-emilnurg\Work\falconhabr\2020-04-22_19-36-14.694356\jmeter.err
[2020-04-22 19:36:14,886 DEBUG Engine] Module config: final-stats {'class': 'bzt.modules.reporting.FinalStatus'}
[2020-04-22 19:36:14,886 DEBUG root] Importing module: bzt.modules.reporting
[2020-04-22 19:36:14,901 DEBUG root] Loading class: 'FinalStatus' from <module 'bzt.modules.reporting' from 'c:\\users\\emil\\yandexdisk-emilnurg\\work\\falconhabr\\falconhabr_env\\lib\\site-packages\\bzt\\modules\\reporting.py'>
[2020-04-22 19:36:14,902 DEBUG Engine] Module config: console {'class': 'bzt.modules.console.ConsoleStatusReporter'}
[2020-04-22 19:36:14,902 DEBUG root] Importing module: bzt.modules.console
[2020-04-22 19:36:14,902 DEBUG root] Loading class: 'ConsoleStatusReporter' from <module 'bzt.modules.console' from 'c:\\users\\emil\\yandexdisk-emilnurg\\work\\falconhabr\\falconhabr_env\\lib\\site-packages\\bzt\\modules\\console.py'>
[2020-04-22 19:36:14,902 DEBUG Engine] Module config: blazemeter {'class': 'bzt.modules.blazemeter.BlazeMeterUploader'}
[2020-04-22 19:36:14,902 DEBUG root] Importing module: bzt.modules.blazemeter
[2020-04-22 19:36:14,902 DEBUG root] Loading class: 'BlazeMeterUploader' from <module 'bzt.modules.blazemeter' from 'c:\\users\\emil\\yandexdisk-emilnurg\\work\\falconhabr\\falconhabr_env\\lib\\site-packages\\bzt\\modules\\blazemeter.py'>
[2020-04-22 19:36:14,902 DEBUG Engine.console] Can't use 'console' screen, trying 'gui'
[2020-04-22 19:36:14,906 WARNING Engine.blazemeter] No BlazeMeter API key provided, will upload anonymously
[2020-04-22 19:36:14,906 DEBUG Engine.blazemeter] Installing http client
[2020-04-22 19:36:14,906 DEBUG User] Request: GET https://a.blazemeter.com/api/v4/web/version None
[2020-04-22 19:36:14,906 DEBUG HTTPClient] Making HTTP request GET https://a.blazemeter.com/api/v4/web/version
[2020-04-22 19:36:14,907 DEBUG urllib3.connectionpool] Starting new HTTPS connection (1): a.blazemeter.com:443
[2020-04-22 19:36:15,581 DEBUG urllib3.connectionpool] https://a.blazemeter.com:443 "GET /api/v4/web/version HTTP/1.1" 200 None
[2020-04-22 19:36:15,582 DEBUG User] Response [200]: {
    "api_version": 4,
    "error": null,
    "result": "BACKEND-CI/release-2020-04-01-121 35 release-2020-04-01-121 d7509ab03d7650a0a3b4b68364d4e17c231cae73 Wed Apr 22 17:18:28 2020 +0300 d7509ab03d7650a0a3b4b68364d4e17c231cae73\n",
    "request_id": "5e
[2020-04-22 19:36:15,583 DEBUG Engine.Configuration] Dumping YAML config into C:\Users\Emil\YandexDisk-emilnurg\Work\falconhabr\2020-04-22_19-36-14.694356\effective.yml
[2020-04-22 19:36:15,594 DEBUG Engine.Configuration] Dumping JSON config into C:\Users\Emil\YandexDisk-emilnurg\Work\falconhabr\2020-04-22_19-36-14.694356\effective.json
[2020-04-22 19:36:15,594 INFO Engine] Starting...
[2020-04-22 19:36:15,595 DEBUG Engine] Startup <bzt.modules.monitoring.Monitoring object at 0x00000139A70DB0A0>
[2020-04-22 19:36:15,595 DEBUG Engine] Startup <bzt.modules.aggregator.ConsolidatingAggregator object at 0x00000139A70EE6A0>
[2020-04-22 19:36:15,595 DEBUG Engine] Startup <bzt.modules.reporting.FinalStatus object at 0x00000139BE048310>
[2020-04-22 19:36:15,595 DEBUG Engine] Startup <bzt.modules.console.ConsoleStatusReporter object at 0x00000139BE0AFAF0>
[2020-04-22 19:36:15,595 INFO Engine.console] Waiting for results...
[2020-04-22 19:36:15,595 DEBUG Engine] Startup <bzt.modules.blazemeter.BlazeMeterUploader object at 0x00000139BE0E7F40>
[2020-04-22 19:36:15,595 INFO Engine.blazemeter] Initiating data feeding...
[2020-04-22 19:36:15,595 DEBUG User] Request: POST https://a.blazemeter.com/api/v4/sessions None
[2020-04-22 19:36:15,595 DEBUG HTTPClient] Making HTTP request POST https://a.blazemeter.com/api/v4/sessions
[2020-04-22 19:36:15,789 DEBUG urllib3.connectionpool] https://gettaurus.org:443 "GET /updates/?version=1.14.2&installID=windows-b06ebf3024ae HTTP/1.1" 200 40
[2020-04-22 19:36:15,789 DEBUG Engine] Taurus updates info: {'latest': '1.14.2', 'needsUpgrade': False}
[2020-04-22 19:36:15,789 DEBUG Engine] Installation is up-to-date
[2020-04-22 19:36:15,960 DEBUG urllib3.connectionpool] https://a.blazemeter.com:443 "POST /api/v4/sessions HTTP/1.1" 201 3196
[2020-04-22 19:36:15,960 DEBUG User] Response [201]: {
    "api_version": 4,
    "error": null,
    "result": {
        "session": {
            "id": "r-ext-5ea0727faa003",
            "name": "external",
            "userId": 386483,
            "publicToken": "gspdYhoDIz6UylQ1LVKPm5nHzApBOMB204dHhCvhomznD
[2020-04-22 19:36:15,961 INFO Engine.blazemeter] Started data feeding: https://a.blazemeter.com/app/?public-token=gspdYhoDIz6UylQ1LVKPm5nHzApBOMB204dHhCvhomznDnvvaR#reports/r-ext-5ea0727faa003/summary
[2020-04-22 19:36:16,099 DEBUG Engine] Startup <bzt.modules.provisioning.Local object at 0x00000139A70DB0D0>
[2020-04-22 19:36:16,099 DEBUG Engine.local] Delay setup for jmeter/autogenerated_63a1e07343: 0(start-at) + 0(delay) = 0
[2020-04-22 19:36:16,100 DEBUG Engine.Configuration] Dumping YAML config into C:\Users\Emil\YandexDisk-emilnurg\Work\falconhabr\2020-04-22_19-36-14.694356\effective.yml
[2020-04-22 19:36:16,114 DEBUG Engine.Configuration] Dumping JSON config into C:\Users\Emil\YandexDisk-emilnurg\Work\falconhabr\2020-04-22_19-36-14.694356\effective.json
[2020-04-22 19:36:16,114 DEBUG root] Leveling down log file verbosity to INFO, use -v option to have DEBUG messages enabled
[2020-04-22 19:36:16,114 DEBUG root] Leveled up log file verbosity
[2020-04-22 19:36:16,115 DEBUG root] Executing shell: ['C:\\Users\\Emil\\.bzt\\jmeter-taurus\\5.2.1\\bin\\jmeter.bat', '-t', 'C:\\Users\\Emil\\YandexDisk-emilnurg\\Work\\falconhabr\\2020-04-22_19-36-14.694356\\modified_requests.jmx', '-j', 'C:\\Users\\Emil\\YandexDisk-emilnurg\\Work\\falconhabr\\2020-04-22_19-36-14.694356\\jmeter.log', '-q', 'C:\\Users\\Emil\\YandexDisk-emilnurg\\Work\\falconhabr\\2020-04-22_19-36-14.694356\\jmeter-bzt.properties', '-n', '-S', 'C:\\Users\\Emil\\YandexDisk-emilnurg\\Work\\falconhabr\\2020-04-22_19-36-14.694356\\system.properties'] at C:\Users\Emil\YandexDisk-emilnurg\Work\falconhabr
[2020-04-22 19:36:16,120 DEBUG Engine.local] Starting execution: jmeter/autogenerated_63a1e07343, rest of available slots: 9223372036854775806
[2020-04-22 19:36:16,120 DEBUG root] Leveling down log file verbosity to INFO, use -v option to have DEBUG messages enabled
[2020-04-22 19:36:16,348 INFO Engine.console] Did not mute console logging
[2020-04-22 19:36:16,602 INFO Engine.console] Waiting for finish...
