[2020-04-22 20:02:43,802 INFO root] Taurus CLI Tool v1.14.2
[2020-04-22 20:02:43,803 DEBUG root] Command-line options: {'log': 'C:\\Users\\Emil\\AppData\\Local\\Temp\\bzt_9fxi4mkq.log', 'option': None, 'quiet': None, 'verbose': None, 'no_system_configs': None, 'aliases': ['report']}
[2020-04-22 20:02:43,803 DEBUG root] Python: CPython 3.8.1
[2020-04-22 20:02:43,803 DEBUG root] OS: uname_result(system='Windows', node='DESKTOP-5AF49PN', release='10', version='10.0.18362', machine='AMD64', processor='Intel64 Family 6 Model 158 Stepping 10, GenuineIntel')
[2020-04-22 20:02:43,803 INFO root] Starting with configs: ['test.yml']
[2020-04-22 20:02:43,804 DEBUG root] Using personal config: C:\Users\Emil\.bzt-rc
[2020-04-22 20:02:43,804 INFO Engine] Configuring...
[2020-04-22 20:02:43,832 DEBUG Engine] Base configs list: ['c:\\users\\emil\\yandexdisk-emilnurg\\work\\falconhabr\\falconhabr_env\\lib\\site-packages\\bzt\\resources/10-base-config.yml']
[2020-04-22 20:02:43,832 DEBUG Engine.Configuration] Configs: ['c:\\users\\emil\\yandexdisk-emilnurg\\work\\falconhabr\\falconhabr_env\\lib\\site-packages\\bzt\\resources/10-base-config.yml']
[2020-04-22 20:02:43,832 DEBUG Engine.Configuration] Reading c:\users\emil\yandexdisk-emilnurg\work\falconhabr\falconhabr_env\lib\site-packages\bzt\resources/10-base-config.yml as YAML
[2020-04-22 20:02:43,846 DEBUG Engine] User configs list: ['C:\\Users\\Emil\\.bzt-rc', 'test.yml']
[2020-04-22 20:02:43,846 DEBUG Engine.Configuration] Configs: ['C:\\Users\\Emil\\.bzt-rc', 'test.yml']
[2020-04-22 20:02:43,846 DEBUG Engine.Configuration] Reading C:\Users\Emil\.bzt-rc as YAML
[2020-04-22 20:02:43,849 DEBUG Engine.Configuration] Reading test.yml as YAML
[2020-04-22 20:02:43,850 DEBUG Engine.Configuration] Configs: ['C:\\Users\\Emil\\.bzt-rc', 'test.yml']
[2020-04-22 20:02:43,850 DEBUG Engine.Configuration] Reading C:\Users\Emil\.bzt-rc as YAML
[2020-04-22 20:02:43,853 DEBUG Engine.Configuration] Reading test.yml as YAML
[2020-04-22 20:02:43,856 DEBUG Engine] Requesting updates info: https://gettaurus.org/updates/?version=1.14.2&installID=windows-b06ebf3024ae
[2020-04-22 20:02:43,856 INFO Engine] Artifacts dir: C:\Users\Emil\YandexDisk-emilnurg\Work\falconhabr\2020-04-22_20-02-43.856746
[2020-04-22 20:02:43,857 DEBUG HTTPClient] Making HTTP request GET https://gettaurus.org/updates/?version=1.14.2&installID=windows-b06ebf3024ae
[2020-04-22 20:02:43,857 DEBUG Engine] New artifact filename: C:\Users\Emil\YandexDisk-emilnurg\Work\falconhabr\2020-04-22_20-02-43.856746\effective
[2020-04-22 20:02:43,859 DEBUG Engine.Configuration] Dumping YAML config into C:\Users\Emil\YandexDisk-emilnurg\Work\falconhabr\2020-04-22_20-02-43.856746\effective.yml
[2020-04-22 20:02:43,869 DEBUG urllib3.connectionpool] Starting new HTTPS connection (1): gettaurus.org:443
[2020-04-22 20:02:43,870 DEBUG Engine.Configuration] Dumping JSON config into C:\Users\Emil\YandexDisk-emilnurg\Work\falconhabr\2020-04-22_20-02-43.856746\effective.json
[2020-04-22 20:02:43,871 DEBUG Engine] New artifact filename: C:\Users\Emil\YandexDisk-emilnurg\Work\falconhabr\2020-04-22_20-02-43.856746\merged.yml
[2020-04-22 20:02:43,872 DEBUG Engine.Configuration] Dumping YAML config into C:\Users\Emil\YandexDisk-emilnurg\Work\falconhabr\2020-04-22_20-02-43.856746\merged.yml
[2020-04-22 20:02:43,873 DEBUG Engine] New artifact filename: C:\Users\Emil\YandexDisk-emilnurg\Work\falconhabr\2020-04-22_20-02-43.856746\merged.json
[2020-04-22 20:02:43,874 DEBUG Engine.Configuration] Dumping JSON config into C:\Users\Emil\YandexDisk-emilnurg\Work\falconhabr\2020-04-22_20-02-43.856746\merged.json
[2020-04-22 20:02:43,874 DEBUG Engine] Add existing artifact (move=False): test.yml
[2020-04-22 20:02:43,874 DEBUG Engine] Copying test.yml to C:\Users\Emil\YandexDisk-emilnurg\Work\falconhabr\2020-04-22_20-02-43.856746\test.yml
[2020-04-22 20:02:43,876 DEBUG root] Closing log handler: C:\Users\Emil\AppData\Local\Temp\bzt_9fxi4mkq.log
[2020-04-22 20:02:43,879 DEBUG root] Switched writing logs to C:\Users\Emil\YandexDisk-emilnurg\Work\falconhabr\2020-04-22_20-02-43.856746\bzt.log
[2020-04-22 20:02:43,879 DEBUG root] Linting config
[2020-04-22 20:02:43,880 INFO Engine] Preparing...
[2020-04-22 20:02:43,881 DEBUG Engine] Module config: consolidator {'class': 'bzt.modules.aggregator.ConsolidatingAggregator'}
[2020-04-22 20:02:43,881 DEBUG root] Importing module: bzt.modules.aggregator
[2020-04-22 20:02:43,960 DEBUG root] Loading class: 'ConsolidatingAggregator' from <module 'bzt.modules.aggregator' from 'c:\\users\\emil\\yandexdisk-emilnurg\\work\\falconhabr\\falconhabr_env\\lib\\site-packages\\bzt\\modules\\aggregator.py'>
[2020-04-22 20:02:43,960 DEBUG Engine.consolidator] Buffer scaling setup: percentile 95.0 from [0.0, 50.0, 90.0, 95.0, 99.0, 99.9, 100.0] selected
[2020-04-22 20:02:43,960 DEBUG Engine] Module config: monitoring {'class': 'bzt.modules.monitoring.Monitoring'}
[2020-04-22 20:02:43,960 DEBUG root] Importing module: bzt.modules.monitoring
[2020-04-22 20:02:43,961 DEBUG root] Loading class: 'Monitoring' from <module 'bzt.modules.monitoring' from 'c:\\users\\emil\\yandexdisk-emilnurg\\work\\falconhabr\\falconhabr_env\\lib\\site-packages\\bzt\\modules\\monitoring.py'>
[2020-04-22 20:02:43,961 DEBUG Engine] Module config: local {'class': 'bzt.modules.provisioning.Local'}
[2020-04-22 20:02:43,961 DEBUG root] Importing module: bzt.modules.provisioning
[2020-04-22 20:02:43,961 DEBUG root] Loading class: 'Local' from <module 'bzt.modules.provisioning' from 'c:\\users\\emil\\yandexdisk-emilnurg\\work\\falconhabr\\falconhabr_env\\lib\\site-packages\\bzt\\modules\\provisioning.py'>
[2020-04-22 20:02:43,962 DEBUG Engine] Module config: jmeter {'class': 'bzt.modules.jmeter.JMeterExecutor', 'protocol-handlers': {'http': 'bzt.jmx.http.HTTPProtocolHandler'}, 'plugins': ['jpgc-casutg', 'jpgc-dummy', 'jpgc-ffw', 'jpgc-fifo', 'jpgc-functions', 'jpgc-json', 'jpgc-perfmon', 'jpgc-prmctl', 'jpgc-tst'], 'properties': {'jmeter.save.saveservice.autoflush': 'true', 'jmeter.save.saveservice.connect_time': 'true', 'jmeterengine.force.system.exit': 'true', 'summariser.name': ''}}
[2020-04-22 20:02:43,962 DEBUG root] Importing module: bzt.modules.jmeter
[2020-04-22 20:02:43,968 DEBUG root] Loading class: 'JMeterExecutor' from <module 'bzt.modules.jmeter' from 'c:\\users\\emil\\yandexdisk-emilnurg\\work\\falconhabr\\falconhabr_env\\lib\\site-packages\\bzt\\modules\\jmeter.py'>
[2020-04-22 20:02:43,968 DEBUG Engine.local] Preparing executor: jmeter/1953682910848
[2020-04-22 20:02:43,968 DEBUG Engine] New artifact filename: C:\Users\Emil\YandexDisk-emilnurg\Work\falconhabr\2020-04-22_20-02-43.856746\jmeter.log
[2020-04-22 20:02:43,968 DEBUG Engine.jmeter] Checking if port 4445 is free
[2020-04-22 20:02:43,969 DEBUG Engine.jmeter] Port 4445 is free
[2020-04-22 20:02:43,969 DEBUG Engine.jmeter] Using port 4445 for management
[2020-04-22 20:02:43,969 DEBUG Engine] New artifact filename: C:\Users\Emil\YandexDisk-emilnurg\Work\falconhabr\2020-04-22_20-02-43.856746\requests.jmx
[2020-04-22 20:02:43,969 DEBUG root] Importing module: bzt.jmx.http
[2020-04-22 20:02:43,970 DEBUG root] Loading class: 'HTTPProtocolHandler' from <module 'bzt.jmx.http' from 'c:\\users\\emil\\yandexdisk-emilnurg\\work\\falconhabr\\falconhabr_env\\lib\\site-packages\\bzt\\jmx\\http.py'>
[2020-04-22 20:02:43,971 DEBUG JMeterScenarioBuilder] Saving JMX to: C:\Users\Emil\YandexDisk-emilnurg\Work\falconhabr\2020-04-22_20-02-43.856746\requests.jmx
[2020-04-22 20:02:43,971 DEBUG Engine.jmeter] Additional system properties {'sun.net.inetaddr.ttl': 0}
[2020-04-22 20:02:43,972 DEBUG Engine] New artifact filename: C:\Users\Emil\YandexDisk-emilnurg\Work\falconhabr\2020-04-22_20-02-43.856746\system.properties
[2020-04-22 20:02:43,972 DEBUG Engine.jmeter] Additional properties: {'jmeter.save.saveservice.autoflush': 'true', 'jmeter.save.saveservice.connect_time': 'true', 'jmeterengine.force.system.exit': 'true', 'summariser.name': '', 'jmeterengine.nongui.port': 4445, 'jmeterengine.nongui.maxport': 4445, 'jmeter.save.saveservice.timestamp_format': 'ms', 'sampleresult.default.encoding': 'UTF-8', 'user.classpath': 'C:/Users/Emil/YandexDisk-emilnurg/Work/falconhabr/2020-04-22_20-02-43.856746;C:/Users/Emil/YandexDisk-emilnurg/Work/falconhabr/2020-04-22_20-02-43.856746'}
[2020-04-22 20:02:43,972 DEBUG Engine] New artifact filename: C:\Users\Emil\YandexDisk-emilnurg\Work\falconhabr\2020-04-22_20-02-43.856746\jmeter-bzt.properties
[2020-04-22 20:02:43,973 DEBUG Engine.jmeter.JavaVM] Trying JavaVM: ['java', '-version']
[2020-04-22 20:02:43,973 DEBUG root] Executing shell: ['java', '-version'] at .
[2020-04-22 20:02:43,975 DEBUG Engine.jmeter.JavaVM] Failed to check JavaVM: [WinError 2] Не удается найти указанный файл
[2020-04-22 20:02:43,975 WARNING Engine.jmeter.JavaVM] JavaVM isn't found, automatic installation isn't implemented
[2020-04-22 20:02:43,976 DEBUG Engine.jmeter.TclLibrary] Checking if TCL_LIBRARY variable is present in environment
[2020-04-22 20:02:43,976 DEBUG Engine.jmeter.TclLibrary] TCL_LIBRARY environment variable is not present
[2020-04-22 20:02:43,977 DEBUG Engine.jmeter.TclLibrary] Tcl directory was found: C:\Users\Emil\AppData\Local\Programs\Python\Python38\tcl\tcl8.6
[2020-04-22 20:02:43,977 DEBUG Engine.jmeter.TclLibrary] Setting environment TCL_LIBRARY=C:\Users\Emil\AppData\Local\Programs\Python\Python38\tcl\tcl8.6
[2020-04-22 20:02:43,977 DEBUG Engine.jmeter.TclLibrary] Checking if TCL_LIBRARY variable is present in environment
[2020-04-22 20:02:43,977 DEBUG Engine.jmeter.TclLibrary] TCL_LIBRARY environment variable is present
[2020-04-22 20:02:43,977 DEBUG Engine.jmeter.JMeter] Trying JMeter..
[2020-04-22 20:02:43,978 DEBUG root] Executing shell: ['C:\\Users\\Emil\\.bzt\\jmeter-taurus\\5.2.1\\bin\\jmeter.bat', '-j', 'C:\\Users\\Emil\\AppData\\Local\\Temp\\jmeter73ey_58glog', '--version'] at .
[2020-04-22 20:02:44,022 DEBUG Engine.jmeter.JMeter] JMeter check: Not able to find Java executable or version. Please check your Java installation.
errorlevel=2
 த    . . . 
 / 
[2020-04-22 20:02:44,022 DEBUG Engine] New artifact filename: C:\Users\Emil\YandexDisk-emilnurg\Work\falconhabr\2020-04-22_20-02-43.856746\kpi.jtl
[2020-04-22 20:02:44,023 DEBUG Engine] New artifact filename: C:\Users\Emil\YandexDisk-emilnurg\Work\falconhabr\2020-04-22_20-02-43.856746\error.jtl
[2020-04-22 20:02:44,023 DEBUG Engine.jmeter.LoadSettingsProcessor] Load: LoadSpec(concurrency=10, throughput=None, ramp_up=60.0, hold=90.0, iterations=0, duration=150.0, steps=None)
[2020-04-22 20:02:44,023 WARNING Engine.jmeter.LoadSettingsProcessor] Thread group detection: plugin for ConcurrentThreadGroup not found, regular ThreadGroup will be used
[2020-04-22 20:02:44,024 DEBUG Engine.jmeter.LoadSettingsProcessor.ThreadGroupHandler] Converting ThreadGroup (simple) to ThreadGroup and apply load parameters
[2020-04-22 20:02:44,024 DEBUG Engine] New artifact filename: C:\Users\Emil\YandexDisk-emilnurg\Work\falconhabr\2020-04-22_20-02-43.856746\modified_requests.jmx
[2020-04-22 20:02:44,024 DEBUG JMX] Saving JMX to: C:\Users\Emil\YandexDisk-emilnurg\Work\falconhabr\2020-04-22_20-02-43.856746\modified_requests.jmx
[2020-04-22 20:02:44,026 DEBUG root] Executing shell: ['C:\\Users\\Emil\\.bzt\\jmeter-taurus\\5.2.1\\bin\\PluginsManagerCMD.bat', 'install-for-jmx', 'C:\\Users\\Emil\\YandexDisk-emilnurg\\Work\\falconhabr\\2020-04-22_20-02-43.856746\\modified_requests.jmx'] at .
[2020-04-22 20:02:44,026 WARNING Engine.jmeter.JMeter] Failed to detect plugins for C:\Users\Emil\YandexDisk-emilnurg\Work\falconhabr\2020-04-22_20-02-43.856746\modified_requests.jmx: [WinError 2] Не удается найти указанный файл
[2020-04-22 20:02:44,026 DEBUG Engine] New artifact filename: C:\Users\Emil\YandexDisk-emilnurg\Work\falconhabr\2020-04-22_20-02-43.856746\jmeter.out
[2020-04-22 20:02:44,027 DEBUG Engine] New artifact filename: C:\Users\Emil\YandexDisk-emilnurg\Work\falconhabr\2020-04-22_20-02-43.856746\jmeter.err
[2020-04-22 20:02:44,027 DEBUG Engine] Module config: final-stats {'class': 'bzt.modules.reporting.FinalStatus'}
[2020-04-22 20:02:44,027 DEBUG root] Importing module: bzt.modules.reporting
[2020-04-22 20:02:44,034 DEBUG root] Loading class: 'FinalStatus' from <module 'bzt.modules.reporting' from 'c:\\users\\emil\\yandexdisk-emilnurg\\work\\falconhabr\\falconhabr_env\\lib\\site-packages\\bzt\\modules\\reporting.py'>
[2020-04-22 20:02:44,034 DEBUG Engine] Module config: console {'class': 'bzt.modules.console.ConsoleStatusReporter'}
[2020-04-22 20:02:44,034 DEBUG root] Importing module: bzt.modules.console
[2020-04-22 20:02:44,034 DEBUG root] Loading class: 'ConsoleStatusReporter' from <module 'bzt.modules.console' from 'c:\\users\\emil\\yandexdisk-emilnurg\\work\\falconhabr\\falconhabr_env\\lib\\site-packages\\bzt\\modules\\console.py'>
[2020-04-22 20:02:44,034 DEBUG Engine] Module config: blazemeter {'class': 'bzt.modules.blazemeter.BlazeMeterUploader'}
[2020-04-22 20:02:44,034 DEBUG root] Importing module: bzt.modules.blazemeter
[2020-04-22 20:02:44,034 DEBUG root] Loading class: 'BlazeMeterUploader' from <module 'bzt.modules.blazemeter' from 'c:\\users\\emil\\yandexdisk-emilnurg\\work\\falconhabr\\falconhabr_env\\lib\\site-packages\\bzt\\modules\\blazemeter.py'>
[2020-04-22 20:02:44,035 DEBUG Engine.console] Can't use 'console' screen, trying 'gui'
[2020-04-22 20:02:44,038 WARNING Engine.blazemeter] No BlazeMeter API key provided, will upload anonymously
[2020-04-22 20:02:44,038 DEBUG Engine.blazemeter] Installing http client
[2020-04-22 20:02:44,038 DEBUG User] Request: GET https://a.blazemeter.com/api/v4/web/version None
[2020-04-22 20:02:44,038 DEBUG HTTPClient] Making HTTP request GET https://a.blazemeter.com/api/v4/web/version
[2020-04-22 20:02:44,040 DEBUG urllib3.connectionpool] Starting new HTTPS connection (1): a.blazemeter.com:443
[2020-04-22 20:02:44,720 DEBUG urllib3.connectionpool] https://a.blazemeter.com:443 "GET /api/v4/web/version HTTP/1.1" 200 None
[2020-04-22 20:02:44,721 DEBUG User] Response [200]: {
    "api_version": 4,
    "error": null,
    "result": "BACKEND-CI/release-2020-04-01-121 35 release-2020-04-01-121 d7509ab03d7650a0a3b4b68364d4e17c231cae73 Wed Apr 22 17:18:28 2020 +0300 d7509ab03d7650a0a3b4b68364d4e17c231cae73\n",
    "request_id": "5e
[2020-04-22 20:02:44,722 DEBUG Engine.Configuration] Dumping YAML config into C:\Users\Emil\YandexDisk-emilnurg\Work\falconhabr\2020-04-22_20-02-43.856746\effective.yml
[2020-04-22 20:02:44,733 DEBUG Engine.Configuration] Dumping JSON config into C:\Users\Emil\YandexDisk-emilnurg\Work\falconhabr\2020-04-22_20-02-43.856746\effective.json
[2020-04-22 20:02:44,734 INFO Engine] Starting...
[2020-04-22 20:02:44,734 DEBUG Engine] Startup <bzt.modules.monitoring.Monitoring object at 0x000001C6C99FC0A0>
[2020-04-22 20:02:44,734 DEBUG Engine] Startup <bzt.modules.aggregator.ConsolidatingAggregator object at 0x000001C6C9A0F2E0>
[2020-04-22 20:02:44,734 DEBUG Engine] Startup <bzt.modules.reporting.FinalStatus object at 0x000001C6E09FB940>
[2020-04-22 20:02:44,734 DEBUG Engine] Startup <bzt.modules.console.ConsoleStatusReporter object at 0x000001C6E0A08EB0>
[2020-04-22 20:02:44,734 INFO Engine.console] Waiting for results...
[2020-04-22 20:02:44,735 DEBUG Engine] Startup <bzt.modules.blazemeter.BlazeMeterUploader object at 0x000001C6E0A39520>
[2020-04-22 20:02:44,735 INFO Engine.blazemeter] Initiating data feeding...
[2020-04-22 20:02:44,735 DEBUG User] Request: POST https://a.blazemeter.com/api/v4/sessions None
[2020-04-22 20:02:44,735 DEBUG HTTPClient] Making HTTP request POST https://a.blazemeter.com/api/v4/sessions
[2020-04-22 20:02:44,821 DEBUG urllib3.connectionpool] https://gettaurus.org:443 "GET /updates/?version=1.14.2&installID=windows-b06ebf3024ae HTTP/1.1" 200 40
[2020-04-22 20:02:44,821 DEBUG Engine] Taurus updates info: {'latest': '1.14.2', 'needsUpgrade': False}
[2020-04-22 20:02:44,821 DEBUG Engine] Installation is up-to-date
[2020-04-22 20:02:45,110 DEBUG urllib3.connectionpool] https://a.blazemeter.com:443 "POST /api/v4/sessions HTTP/1.1" 201 3196
[2020-04-22 20:02:45,110 DEBUG User] Response [201]: {
    "api_version": 4,
    "error": null,
    "result": {
        "session": {
            "id": "r-ext-5ea078b4ca00f",
            "name": "external",
            "userId": 386483,
            "publicToken": "9BA5G5JRxTPyH8YqtiQoLGezrhrW41Sf3pDGGHVaS4TBc
[2020-04-22 20:02:45,110 INFO Engine.blazemeter] Started data feeding: https://a.blazemeter.com/app/?public-token=9BA5G5JRxTPyH8YqtiQoLGezrhrW41Sf3pDGGHVaS4TBcqhJQQ#reports/r-ext-5ea078b4ca00f/summary
[2020-04-22 20:02:45,247 DEBUG Engine] Startup <bzt.modules.provisioning.Local object at 0x000001C6C99FC0D0>
[2020-04-22 20:02:45,247 DEBUG Engine.local] Delay setup for jmeter/simple: 0(start-at) + 0(delay) = 0
[2020-04-22 20:02:45,248 DEBUG Engine.Configuration] Dumping YAML config into C:\Users\Emil\YandexDisk-emilnurg\Work\falconhabr\2020-04-22_20-02-43.856746\effective.yml
[2020-04-22 20:02:45,259 DEBUG Engine.Configuration] Dumping JSON config into C:\Users\Emil\YandexDisk-emilnurg\Work\falconhabr\2020-04-22_20-02-43.856746\effective.json
[2020-04-22 20:02:45,260 DEBUG root] Leveling down log file verbosity to INFO, use -v option to have DEBUG messages enabled
[2020-04-22 20:02:45,260 DEBUG root] Leveled up log file verbosity
[2020-04-22 20:02:45,260 DEBUG root] Executing shell: ['C:\\Users\\Emil\\.bzt\\jmeter-taurus\\5.2.1\\bin\\jmeter.bat', '-t', 'C:\\Users\\Emil\\YandexDisk-emilnurg\\Work\\falconhabr\\2020-04-22_20-02-43.856746\\modified_requests.jmx', '-j', 'C:\\Users\\Emil\\YandexDisk-emilnurg\\Work\\falconhabr\\2020-04-22_20-02-43.856746\\jmeter.log', '-q', 'C:\\Users\\Emil\\YandexDisk-emilnurg\\Work\\falconhabr\\2020-04-22_20-02-43.856746\\jmeter-bzt.properties', '-n', '-S', 'C:\\Users\\Emil\\YandexDisk-emilnurg\\Work\\falconhabr\\2020-04-22_20-02-43.856746\\system.properties'] at C:\Users\Emil\YandexDisk-emilnurg\Work\falconhabr
[2020-04-22 20:02:45,270 DEBUG Engine.local] Starting execution: jmeter/simple, rest of available slots: 9223372036854775806
[2020-04-22 20:02:45,270 DEBUG root] Leveling down log file verbosity to INFO, use -v option to have DEBUG messages enabled
[2020-04-22 20:02:45,499 INFO Engine.console] Did not mute console logging
[2020-04-22 20:02:45,575 INFO Engine.console] Waiting for finish...
